<component name="libraryTable">
  <library name="junit">
    <CLASSES>
      <root url="jar://D:/java/junit/hamcrest-core-1.3.jar!/" />
      <root url="jar://D:/java/junit/junit-4.13.2.jar!/" />
    </CLASSES>
    <JAVADOC />
    <SOURCES />
  </library>
</component>